[debug] [2023-11-24T19:14:55.668Z] ----------------------------------------------------------------------
[debug] [2023-11-24T19:14:55.671Z] Command:       C:\Program Files\nodejs\node.exe C:\Users\USER\AppData\Roaming\npm\node_modules\firebase-tools\lib\bin\firebase.js init
[debug] [2023-11-24T19:14:55.671Z] CLI Version:   12.9.1
[debug] [2023-11-24T19:14:55.671Z] Platform:      win32
[debug] [2023-11-24T19:14:55.672Z] Node Version:  v20.7.0
[debug] [2023-11-24T19:14:55.672Z] Time:          Fri Nov 24 2023 22:14:55 GMT+0300 (East Africa Time)
[debug] [2023-11-24T19:14:55.672Z] ----------------------------------------------------------------------
[debug] 
[debug] [2023-11-24T19:14:55.761Z] > command requires scopes: ["email","openid","https://www.googleapis.com/auth/cloudplatformprojects.readonly","https://www.googleapis.com/auth/firebase","https://www.googleapis.com/auth/cloud-platform"]
[debug] [2023-11-24T19:14:55.761Z] > authorizing via signed-in user (tessywaweru.06@gmail.com)
[info] 
     ######## #### ########  ######## ########     ###     ######  ########
     ##        ##  ##     ## ##       ##     ##  ##   ##  ##       ##
     ######    ##  ########  ######   ########  #########  ######  ######
     ##        ##  ##    ##  ##       ##     ## ##     ##       ## ##
     ##       #### ##     ## ######## ########  ##     ##  ######  ########

You're about to initialize a Firebase project in this directory:

  C:\Users\USER

Before we get started, keep in mind:

  * You are initializing within an existing Firebase project directory

[info] 
=== Project Setup
[info] 
[info] First, let's associate this project directory with a Firebase project.
[info] You can create multiple project aliases by running firebase use --add, 
[info] but for now we'll just set up a default project.
[info] 
[debug] [2023-11-24T19:15:30.975Z] Using project from CLI flag: websitehosting-55f98
[debug] [2023-11-24T19:15:30.976Z] > refreshing access token with scopes: []
[debug] [2023-11-24T19:15:30.978Z] >>> [apiv2][query] POST https://www.googleapis.com/oauth2/v3/token [none]
[debug] [2023-11-24T19:15:30.978Z] >>> [apiv2][body] POST https://www.googleapis.com/oauth2/v3/token [omitted]
[debug] [2023-11-24T19:15:31.444Z] <<< [apiv2][status] POST https://www.googleapis.com/oauth2/v3/token 200
[debug] [2023-11-24T19:15:31.445Z] <<< [apiv2][body] POST https://www.googleapis.com/oauth2/v3/token [omitted]
[debug] [2023-11-24T19:15:31.532Z] >>> [apiv2][query] GET https://firebase.googleapis.com/v1beta1/projects/websitehosting-55f98 [none]
[debug] [2023-11-24T19:15:32.139Z] <<< [apiv2][status] GET https://firebase.googleapis.com/v1beta1/projects/websitehosting-55f98 200
[debug] [2023-11-24T19:15:32.139Z] <<< [apiv2][body] GET https://firebase.googleapis.com/v1beta1/projects/websitehosting-55f98 {"projectId":"websitehosting-55f98","projectNumber":"98263521086","displayName":"Websitehosting","name":"projects/websitehosting-55f98","resources":{"hostingSite":"websitehosting-55f98","realtimeDatabaseInstance":"websitehosting-55f98-default-rtdb"},"state":"ACTIVE","etag":"1_ec24fa2b-5c25-4521-aef3-308332fe3431"}
[info] i  Using project websitehosting-55f98 (Websitehosting) 
[info] 
=== Hosting Setup
[debug] [2023-11-24T19:15:32.171Z] >>> [apiv2][query] GET https://firebase.googleapis.com/v1beta1/projects/websitehosting-55f98 [none]
[debug] [2023-11-24T19:15:32.504Z] <<< [apiv2][status] GET https://firebase.googleapis.com/v1beta1/projects/websitehosting-55f98 200
[debug] [2023-11-24T19:15:32.505Z] <<< [apiv2][body] GET https://firebase.googleapis.com/v1beta1/projects/websitehosting-55f98 {"projectId":"websitehosting-55f98","projectNumber":"98263521086","displayName":"Websitehosting","name":"projects/websitehosting-55f98","resources":{"hostingSite":"websitehosting-55f98","realtimeDatabaseInstance":"websitehosting-55f98-default-rtdb"},"state":"ACTIVE","etag":"1_ec24fa2b-5c25-4521-aef3-308332fe3431"}
[info] 
[info] Your public directory is the folder (relative to your project directory) that
[info] will contain Hosting assets to be uploaded with firebase deploy. If you
[info] have a build process for your assets, use your build's output directory.
[info] 
[debug] [2023-11-24T19:16:13.843Z] >>> [apiv2][query] GET https://www.gstatic.com/firebasejs/releases.json [none]
[debug] [2023-11-24T19:16:15.228Z] <<< [apiv2][status] GET https://www.gstatic.com/firebasejs/releases.json 200
[debug] [2023-11-24T19:16:15.228Z] <<< [apiv2][body] GET https://www.gstatic.com/firebasejs/releases.json {"current":{"version":"10.6.0","browserURL":"https://www.gstatic.com/firebasejs/10.6.0/firebase.js","packageURL":"https://www.gstatic.com/firebasejs/10.6.0/firebase.tgz"},"live":{"version":"10.6","browserURL":"https://www.gstatic.com/firebasejs/live/10.6/firebase.js","packageURL":"https://www.gstatic.com/firebasejs/live/10.6/firebase.tgz"},"components":{"analytics":"https://www.gstatic.com/firebasejs/10.6.0/firebase-analytics.js","app":"https://www.gstatic.com/firebasejs/10.6.0/firebase-app.js","app-check":"https://www.gstatic.com/firebasejs/10.6.0/firebase-app-check.js","auth":"https://www.gstatic.com/firebasejs/10.6.0/firebase-auth.js","auth/cordova":"https://www.gstatic.com/firebasejs/10.6.0/firebase-auth/cordova.js","functions":"https://www.gstatic.com/firebasejs/10.6.0/firebase-functions.js","firestore":"https://www.gstatic.com/firebasejs/10.6.0/firebase-firestore.js","firestore/lite":"https://www.gstatic.com/firebasejs/10.6.0/firebase-firestore/lite.js","installations":"https://www.gstatic.com/firebasejs/10.6.0/firebase-installations.js","storage":"https://www.gstatic.com/firebasejs/10.6.0/firebase-storage.js","performance":"https://www.gstatic.com/firebasejs/10.6.0/firebase-performance.js","remote-config":"https://www.gstatic.com/firebasejs/10.6.0/firebase-remote-config.js","messaging":"https://www.gstatic.com/firebasejs/10.6.0/firebase-messaging.js","messaging/sw":"https://www.gstatic.com/firebasejs/10.6.0/firebase-messaging/sw.js","database":"https://www.gstatic.com/firebasejs/10.6.0/firebase-database.js","firestore.memory":"https://www.gstatic.com/firebasejs/10.6.0/firebase-firestore.memory.js"}}
[info] +  Wrote MY APP/index.html 
[info] 
[info] i  Didn't detect a .git folder. Assuming C:\Users\USER\Desktop\React\my-app is the project root. 
[info] i  Authorizing with GitHub to upload your service account to a GitHub repository's secrets store. 
[info] 
[info] Visit this URL on this device to log in:
[info] https://github.com/login/oauth/authorize?client_id=89cf50f02ac6aaed3484&state=767376227&redirect_uri=http%3A%2F%2Flocalhost%3A9005&scope=read%3Auser%20repo%20public_repo
[info] 
[info] Waiting for authentication...
[debug] [2023-11-24T19:16:46.818Z] >>> [apiv2][query] POST https://github.com/login/oauth/access_token [none]
[debug] [2023-11-24T19:16:46.819Z] >>> [apiv2][body] POST https://github.com/login/oauth/access_token [stream]
[debug] [2023-11-24T19:16:47.514Z] <<< [apiv2][status] POST https://github.com/login/oauth/access_token 200
[debug] [2023-11-24T19:16:47.514Z] <<< [apiv2][body] POST https://github.com/login/oauth/access_token {"access_token":"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","token_type":"bearer","scope":"read:user,repo"}
[debug] [2023-11-24T19:16:47.578Z] >>> [apiv2][query] GET https://api.github.com/user [none]
[debug] [2023-11-24T19:16:48.144Z] <<< [apiv2][status] GET https://api.github.com/user 200
[debug] [2023-11-24T19:16:48.144Z] <<< [apiv2][body] GET https://api.github.com/user {"login":"TeresiahWeru","id":147042475,"node_id":"U_kgDOCMOwqw","avatar_url":"https://avatars.githubusercontent.com/u/147042475?v=4","gravatar_id":"","url":"https://api.github.com/users/TeresiahWeru","html_url":"https://github.com/TeresiahWeru","followers_url":"https://api.github.com/users/TeresiahWeru/followers","following_url":"https://api.github.com/users/TeresiahWeru/following{/other_user}","gists_url":"https://api.github.com/users/TeresiahWeru/gists{/gist_id}","starred_url":"https://api.github.com/users/TeresiahWeru/starred{/owner}{/repo}","subscriptions_url":"https://api.github.com/users/TeresiahWeru/subscriptions","organizations_url":"https://api.github.com/users/TeresiahWeru/orgs","repos_url":"https://api.github.com/users/TeresiahWeru/repos","events_url":"https://api.github.com/users/TeresiahWeru/events{/privacy}","received_events_url":"https://api.github.com/users/TeresiahWeru/received_events","type":"User","site_admin":false,"name":null,"company":null,"blog":"","location":null,"email":null,"hireable":null,"bio":null,"twitter_username":null,"public_repos":4,"public_gists":0,"followers":0,"following":0,"created_at":"2023-10-05T08:51:07Z","updated_at":"2023-11-24T17:03:49Z","private_gists":0,"total_private_repos":0,"owned_private_repos":0,"disk_usage":590,"collaborators":0,"two_factor_authentication":false,"plan":{"name":"free","space":976562499,"collaborators":0,"private_repos":10000}}
[info] 
[info] +  Success! Logged into GitHub as TeresiahWeru 
[info] 
